
/home/runner/work/exp-smoke-detectors-coep/exp-smoke-detectors-coep/experiment/simulation/lib/jquery.js
  2:58     warning  'module' is not defined                                                    no-undef
  2:73     warning  'module' is not defined                                                    no-undef
  2:6324   warning  Expected a conditional expression and instead saw an assignment            no-cond-assign
  2:6580   warning  Expected a conditional expression and instead saw an assignment            no-cond-assign
  2:7011   warning  Expected a conditional expression and instead saw an assignment            no-cond-assign
  2:7270   warning  Empty block statement                                                      no-empty
  2:7839   warning  Expected a conditional expression and instead saw an assignment            no-cond-assign
  2:9709   warning  Expected a conditional expression and instead saw an assignment            no-cond-assign
  2:11311  warning  Expected a conditional expression and instead saw an assignment            no-cond-assign
  2:11887  warning  Expected a conditional expression and instead saw an assignment            no-cond-assign
  2:11925  warning  Expected a conditional expression and instead saw an assignment            no-cond-assign
  2:12343  warning  Empty block statement                                                      no-empty
  2:12906  warning  Expected a conditional expression and instead saw an assignment            no-cond-assign
  2:13218  warning  Expected a conditional expression and instead saw an assignment            no-cond-assign
  2:15046  warning  Expected a conditional expression and instead saw an assignment            no-cond-assign
  2:15317  warning  Expected a conditional expression and instead saw an assignment            no-cond-assign
  2:15517  warning  Expected a conditional expression and instead saw an assignment            no-cond-assign
  2:15893  warning  Do not access Object.prototype method 'hasOwnProperty' from target object  no-prototype-builtins
  2:16598  warning  Expected a conditional expression and instead saw an assignment            no-cond-assign
  2:18982  warning  Expected a conditional expression and instead saw an assignment            no-cond-assign
  2:19073  warning  Expected a conditional expression and instead saw an assignment            no-cond-assign
  2:19133  warning  Expected a conditional expression and instead saw an assignment            no-cond-assign
  2:20435  warning  Expected a conditional expression and instead saw an assignment            no-cond-assign
  2:21049  warning  Expected a conditional expression and instead saw an assignment            no-cond-assign
  2:21160  warning  Expected a conditional expression and instead saw an assignment            no-cond-assign
  2:23420  warning  Unnecessary escape character: \[                                           no-useless-escape
  2:23422  warning  Unnecessary escape character: \.                                           no-useless-escape
  2:30761  warning  Empty block statement                                                      no-empty
  2:31981  warning  Empty block statement                                                      no-empty
  3:7811   warning  Expected a conditional expression and instead saw an assignment            no-cond-assign
  3:7951   warning  Expected a conditional expression and instead saw an assignment            no-cond-assign
  3:8441   warning  Empty block statement                                                      no-empty
  3:11852  warning  Empty block statement                                                      no-empty
  3:14493  warning  Empty block statement                                                      no-empty
  3:24051  warning  Empty block statement                                                      no-empty
  3:26100  warning  Move function declaration to function body root                            no-inner-declarations
  3:30714  warning  Empty block statement                                                      no-empty
  4:2546   warning  Expected a conditional expression and instead saw an assignment            no-cond-assign
  4:5062   warning  Expected a conditional expression and instead saw an assignment            no-cond-assign
  4:11701  warning  Expected a conditional expression and instead saw an assignment            no-cond-assign
  4:13447  warning  Empty block statement                                                      no-empty
  4:14747  warning  Expected a conditional expression and instead saw an assignment            no-cond-assign
  4:14827  warning  Expected a conditional expression and instead saw an assignment            no-cond-assign
  4:15164  warning  Expected a conditional expression and instead saw an assignment            no-cond-assign
  4:15244  warning  Expected a conditional expression and instead saw an assignment            no-cond-assign
  4:15659  warning  Expected a conditional expression and instead saw an assignment            no-cond-assign
  4:15915  warning  Expected a conditional expression and instead saw an assignment            no-cond-assign
  4:16492  warning  Unnecessary escape character: \/                                           no-useless-escape
  4:17365  warning  Unnecessary escape character: \/                                           no-useless-escape
  4:17377  warning  Unnecessary escape character: \/                                           no-useless-escape
  4:17610  warning  Expected a conditional expression and instead saw an assignment            no-cond-assign
  4:20109  warning  Expected a conditional expression and instead saw an assignment            no-cond-assign
  4:22009  warning  Expected a conditional expression and instead saw an assignment            no-cond-assign
  4:27128  warning  Empty block statement                                                      no-empty
  4:27205  warning  Empty block statement                                                      no-empty
  5:812    warning  'define' is not defined                                                    no-undef
  5:824    warning  'define' is not defined                                                    no-undef

/home/runner/work/exp-smoke-detectors-coep/exp-smoke-detectors-coep/experiment/simulation/lib/jquery.min.js
  2:71     warning  'module' is not defined                                                    no-undef
  2:86     warning  'module' is not defined                                                    no-undef
  2:5433   warning  Unexpected control character(s) in regular expression: \x1f, \x1f          no-control-regex
  2:5916   warning  Expected a conditional expression and instead saw an assignment            no-cond-assign
  2:6170   warning  Expected a conditional expression and instead saw an assignment            no-cond-assign
  2:6614   warning  Expected a conditional expression and instead saw an assignment            no-cond-assign
  2:7404   warning  Expected a conditional expression and instead saw an assignment            no-cond-assign
  2:9497   warning  Expected a conditional expression and instead saw an assignment            no-cond-assign
  2:9807   warning  Expected a conditional expression and instead saw an assignment            no-cond-assign
  2:11608  warning  Expected a conditional expression and instead saw an assignment            no-cond-assign
  2:12183  warning  Expected a conditional expression and instead saw an assignment            no-cond-assign
  2:12221  warning  Expected a conditional expression and instead saw an assignment            no-cond-assign
  2:13234  warning  Expected a conditional expression and instead saw an assignment            no-cond-assign
  2:13546  warning  Expected a conditional expression and instead saw an assignment            no-cond-assign
  2:15374  warning  Expected a conditional expression and instead saw an assignment            no-cond-assign
  2:15645  warning  Expected a conditional expression and instead saw an assignment            no-cond-assign
  2:15843  warning  Expected a conditional expression and instead saw an assignment            no-cond-assign
  2:16217  warning  Do not access Object.prototype method 'hasOwnProperty' from target object  no-prototype-builtins
  2:16907  warning  Expected a conditional expression and instead saw an assignment            no-cond-assign
  2:18727  warning  Expected a conditional expression and instead saw an assignment            no-cond-assign
  2:18827  warning  Expected a conditional expression and instead saw an assignment            no-cond-assign
  2:18887  warning  Expected a conditional expression and instead saw an assignment            no-cond-assign
  2:19071  warning  Expected a conditional expression and instead saw an assignment            no-cond-assign
  2:20240  warning  Expected a conditional expression and instead saw an assignment            no-cond-assign
  2:21514  warning  Expected a conditional expression and instead saw an assignment            no-cond-assign
  2:21625  warning  Expected a conditional expression and instead saw an assignment            no-cond-assign
  2:23791  warning  Unnecessary escape character: \/                                           no-useless-escape
  2:33395  warning  Empty block statement                                                      no-empty
  2:37269  warning  Unnecessary escape character: \/                                           no-useless-escape
  2:38490  warning  Expected a conditional expression and instead saw an assignment            no-cond-assign
  2:38606  warning  Expected a conditional expression and instead saw an assignment            no-cond-assign
  2:39234  warning  Empty block statement                                                      no-empty
  2:46727  warning  Unnecessary escape character: \/                                           no-useless-escape
  2:49033  warning  Expected a conditional expression and instead saw an assignment            no-cond-assign
  2:50593  warning  Empty block statement                                                      no-empty
  2:58406  warning  Expected a conditional expression and instead saw an assignment            no-cond-assign
  2:59575  warning  Expected a conditional expression and instead saw an assignment            no-cond-assign
  2:65215  warning  Expected a conditional expression and instead saw an assignment            no-cond-assign
  2:66958  warning  Expected a conditional expression and instead saw an assignment            no-cond-assign
  2:67024  warning  Expected a conditional expression and instead saw an assignment            no-cond-assign
  2:67328  warning  Expected a conditional expression and instead saw an assignment            no-cond-assign
  2:67394  warning  Expected a conditional expression and instead saw an assignment            no-cond-assign
  2:67801  warning  Expected a conditional expression and instead saw an assignment            no-cond-assign
  2:68078  warning  Expected a conditional expression and instead saw an assignment            no-cond-assign
  2:73449  warning  Expected a conditional expression and instead saw an assignment            no-cond-assign
  2:75043  warning  Expected a conditional expression and instead saw an assignment            no-cond-assign
  2:75823  warning  'r.href' is assigned to itself                                             no-self-assign
  2:80414  warning  Empty block statement                                                      no-empty
  2:83525  warning  Expected a conditional expression and instead saw an assignment            no-cond-assign
  2:87869  warning  'define' is not defined                                                    no-undef
  2:87881  warning  'define' is not defined                                                    no-undef

/home/runner/work/exp-smoke-detectors-coep/exp-smoke-detectors-coep/experiment/simulation/lib/raphael.js
  5800:60  error  Parsing error: Deleting local variable in strict mode

/home/runner/work/exp-smoke-detectors-coep/exp-smoke-detectors-coep/experiment/simulation/lib/raphael.min.js
  1:66     warning  'module' is not defined                                                                                                                          no-undef
  1:112    warning  'define' is not defined                                                                                                                          no-undef
  1:123    warning  'define' is not defined                                                                                                                          no-undef
  1:161    warning  'exports' is not defined                                                                                                                         no-undef
  1:1566   warning  'DocumentTouch' is not defined                                                                                                                   no-undef
  1:2001   warning  Unnecessary escape character: \.                                                                                                                 no-useless-escape
  1:2017   warning  Unnecessary escape character: \.                                                                                                                 no-useless-escape
  1:2033   warning  Unnecessary escape character: \.                                                                                                                 no-useless-escape
  1:2052   warning  Unnecessary escape character: \.                                                                                                                 no-useless-escape
  1:2081   warning  Unnecessary escape character: \.                                                                                                                 no-useless-escape
  1:2110   warning  Unnecessary escape character: \.                                                                                                                 no-useless-escape
  1:2126   warning  Unnecessary escape character: \.                                                                                                                 no-useless-escape
  1:2145   warning  Unnecessary escape character: \.                                                                                                                 no-useless-escape
  1:2174   warning  Unnecessary escape character: \.                                                                                                                 no-useless-escape
  1:2203   warning  Unnecessary escape character: \.                                                                                                                 no-useless-escape
  1:2219   warning  Unnecessary escape character: \.                                                                                                                 no-useless-escape
  1:2238   warning  Unnecessary escape character: \.                                                                                                                 no-useless-escape
  1:2346   warning  Unnecessary escape character: \)                                                                                                                 no-useless-escape
  1:3257   warning  Unexpected control character(s) in regular expression: \x09, \x0a, \x0b, \x0c, \x0d, \x09, \x0a, \x0b, \x0c, \x0d                                no-control-regex
  1:3582   warning  Unexpected control character(s) in regular expression: \x09, \x0a, \x0b, \x0c, \x0d, \x09, \x0a, \x0b, \x0c, \x0d, \x09, \x0a, \x0b, \x0c, \x0d  no-control-regex
  1:3756   warning  Unnecessary escape character: \-                                                                                                                 no-useless-escape
  1:4055   warning  Unexpected control character(s) in regular expression: \x09, \x0a, \x0b, \x0c, \x0d, \x09, \x0a, \x0b, \x0c, \x0d, \x09, \x0a, \x0b, \x0c, \x0d  no-control-regex
  1:4222   warning  Unnecessary escape character: \-                                                                                                                 no-useless-escape
  1:4521   warning  Unexpected control character(s) in regular expression: \x09, \x0a, \x0b, \x0c, \x0d, \x09, \x0a, \x0b, \x0c, \x0d                                no-control-regex
  1:4539   warning  Unnecessary escape character: \-                                                                                                                 no-useless-escape
  1:4856   warning  Unexpected control character(s) in regular expression: \x09, \x0a, \x0b, \x0c, \x0d, \x09, \x0a, \x0b, \x0c, \x0d                                no-control-regex
  1:5154   warning  Unnecessary escape character: \)                                                                                                                 no-useless-escape
  1:7857   warning  'ActiveXObject' is not defined                                                                                                                   no-undef
  1:7931   warning  'createPopup' is not defined                                                                                                                     no-undef
  1:19015  warning  Expected a 'break' statement before 'default'                                                                                                    no-fallthrough
  1:20113  warning  Expected a 'break' statement before 'default'                                                                                                    no-fallthrough
  1:20421  warning  Expected a 'break' statement before 'default'                                                                                                    no-fallthrough
  1:24342  warning  Unnecessary escape character: \.                                                                                                                 no-useless-escape
  1:35757  warning  't' is defined but never used                                                                                                                    no-unused-vars
  1:49075  warning  'r' is defined but never used                                                                                                                    no-unused-vars
  1:50549  warning  'i' is defined but never used                                                                                                                    no-unused-vars
  1:50598  warning  'r' is defined but never used                                                                                                                    no-unused-vars
  1:52666  warning  Unnecessary escape character: \}                                                                                                                 no-useless-escape
  1:53074  warning  Empty block statement                                                                                                                            no-empty
  1:53754  warning  Unnecessary escape character: \)                                                                                                                 no-useless-escape
  1:60967  warning  Unnecessary escape character: \-                                                                                                                 no-useless-escape
  1:72245  warning  Unnecessary escape character: \-                                                                                                                 no-useless-escape
  1:72515  warning  Unnecessary escape character: \(                                                                                                                 no-useless-escape
  1:72517  warning  Unnecessary escape character: \)                                                                                                                 no-useless-escape
  1:75570  warning  Expected a conditional expression and instead saw an assignment                                                                                  no-cond-assign
  1:77369  warning  Expected a 'break' statement before 'case'                                                                                                       no-fallthrough
  1:77405  warning  Expected a 'break' statement before 'case'                                                                                                       no-fallthrough
  1:77447  warning  Expected a 'break' statement before 'case'                                                                                                       no-fallthrough
  1:77582  warning  Expected a 'break' statement before 'case'                                                                                                       no-fallthrough
  1:77619  warning  Expected a 'break' statement before 'case'                                                                                                       no-fallthrough
  1:77661  warning  Expected a 'break' statement before 'case'                                                                                                       no-fallthrough
  1:79325  warning  Expected a 'break' statement before 'case'                                                                                                       no-fallthrough
  1:79783  warning  Expected a 'break' statement before 'case'                                                                                                       no-fallthrough
  1:79973  warning  Expected a 'break' statement before 'default'                                                                                                    no-fallthrough
  1:80032  warning  Unnecessary escape character: \-                                                                                                                 no-useless-escape
  1:89485  warning  'r' is defined but never used                                                                                                                    no-unused-vars
  1:89543  warning  Unnecessary escape character: \.                                                                                                                 no-useless-escape
  1:89545  warning  Unnecessary escape character: \/                                                                                                                 no-useless-escape
  1:90733  warning  Unnecessary escape character: \.                                                                                                                 no-useless-escape
  1:90735  warning  Unnecessary escape character: \^                                                                                                                 no-useless-escape
  1:90739  warning  Unnecessary escape character: \[                                                                                                                 no-useless-escape
  1:90741  warning  Unnecessary escape character: \-                                                                                                                 no-useless-escape
  1:90780  warning  Unnecessary escape character: \.                                                                                                                 no-useless-escape
  1:90782  warning  Unnecessary escape character: \/                                                                                                                 no-useless-escape
  1:91000  warning  Do not access Object.prototype method 'hasOwnProperty' from target object                                                                        no-prototype-builtins

/home/runner/work/exp-smoke-detectors-coep/exp-smoke-detectors-coep/experiment/simulation/src/animation.js
   1:10  warning  'animation' is defined but never used        no-unused-vars
   2:2   warning  '$' is not defined                           no-undef
   3:5   warning  '$' is not defined                           no-undef
   4:5   warning  '$' is not defined                           no-undef
   6:1   warning  '$' is not defined                           no-undef
   7:2   warning  '$' is not defined                           no-undef
  11:14  warning  '$' is not defined                           no-undef
  13:6   warning  '$' is not defined                           no-undef
  14:3   warning  'width' is assigned a value but never used   no-unused-vars
  14:11  warning  '$' is not defined                           no-undef
  15:3   warning  'paper' is not defined                       no-undef
  15:15  warning  'Raphael' is not defined                     no-undef
  16:3   warning  'paper' is not defined                       no-undef
  17:3   warning  'paper' is not defined                       no-undef
  19:3   warning  'paper' is not defined                       no-undef
  19:15  warning  'Raphael' is not defined                     no-undef
  20:3   warning  'paper' is not defined                       no-undef
  21:3   warning  'paper' is not defined                       no-undef
  27:5   warning  'time' is assigned a value but never used    no-unused-vars
  29:11  warning  'paper' is not defined                       no-undef
  30:1   warning  'paper' is not defined                       no-undef
  32:10  warning  'paper' is not defined                       no-undef
  33:1   warning  'paper' is not defined                       no-undef
  35:5   warning  'frame' is assigned a value but never used   no-unused-vars
  35:11  warning  'paper' is not defined                       no-undef
  37:5   warning  'e' is assigned a value but never used       no-unused-vars
  37:7   warning  'paper' is not defined                       no-undef
  39:5   warning  'sensor' is assigned a value but never used  no-unused-vars
  39:12  warning  'paper' is not defined                       no-undef
  46:4   warning  Mixed spaces and tabs                        no-mixed-spaces-and-tabs
  47:4   warning  Mixed spaces and tabs                        no-mixed-spaces-and-tabs
  49:4   warning  Mixed spaces and tabs                        no-mixed-spaces-and-tabs
  49:15  warning  'pauseAudio' is defined but never used       no-unused-vars
  50:4   warning  Mixed spaces and tabs                        no-mixed-spaces-and-tabs
  51:4   warning  Mixed spaces and tabs                        no-mixed-spaces-and-tabs
  52:14  warning  'c1' is already defined                      no-redeclare
  56:1   warning  Mixed spaces and tabs                        no-mixed-spaces-and-tabs
  56:12  warning  'paper' is not defined                       no-undef
  57:1   warning  Mixed spaces and tabs                        no-mixed-spaces-and-tabs
  58:9   warning  'paper' is not defined                       no-undef
  59:4   warning  'paper' is not defined                       no-undef
  66:3   warning  '$' is not defined                           no-undef

/home/runner/work/exp-smoke-detectors-coep/exp-smoke-detectors-coep/experiment/simulation/src/mainPage1.js
    1:5   warning  'ArrayJson' is assigned a value but never used  no-unused-vars
    2:10  warning  'mainPage1' is defined but never used           no-unused-vars
    3:2   warning  '$' is not defined                              no-undef
    4:6   warning  '$' is not defined                              no-undef
    6:7   warning  '$' is not defined                              no-undef
    7:7   warning  '$' is not defined                              no-undef
    9:7   warning  '$' is not defined                              no-undef
   15:1   warning  Mixed spaces and tabs                           no-mixed-spaces-and-tabs
   16:1   warning  Mixed spaces and tabs                           no-mixed-spaces-and-tabs
   17:1   warning  Mixed spaces and tabs                           no-mixed-spaces-and-tabs
   18:1   warning  Mixed spaces and tabs                           no-mixed-spaces-and-tabs
   19:1   warning  Mixed spaces and tabs                           no-mixed-spaces-and-tabs
   20:1   warning  Mixed spaces and tabs                           no-mixed-spaces-and-tabs
   21:1   warning  Mixed spaces and tabs                           no-mixed-spaces-and-tabs
   22:1   warning  Mixed spaces and tabs                           no-mixed-spaces-and-tabs
   27:1   warning  Mixed spaces and tabs                           no-mixed-spaces-and-tabs
   28:1   warning  Mixed spaces and tabs                           no-mixed-spaces-and-tabs
   29:1   warning  Mixed spaces and tabs                           no-mixed-spaces-and-tabs
   30:1   warning  Mixed spaces and tabs                           no-mixed-spaces-and-tabs
   31:1   warning  Mixed spaces and tabs                           no-mixed-spaces-and-tabs
   32:1   warning  Mixed spaces and tabs                           no-mixed-spaces-and-tabs
   33:1   warning  Mixed spaces and tabs                           no-mixed-spaces-and-tabs
   34:1   warning  Mixed spaces and tabs                           no-mixed-spaces-and-tabs
   35:1   warning  Mixed spaces and tabs                           no-mixed-spaces-and-tabs
   36:1   warning  Mixed spaces and tabs                           no-mixed-spaces-and-tabs
   37:1   warning  Mixed spaces and tabs                           no-mixed-spaces-and-tabs
   39:1   warning  Mixed spaces and tabs                           no-mixed-spaces-and-tabs
   40:1   warning  Mixed spaces and tabs                           no-mixed-spaces-and-tabs
   41:1   warning  Mixed spaces and tabs                           no-mixed-spaces-and-tabs
   42:1   warning  Mixed spaces and tabs                           no-mixed-spaces-and-tabs
   43:1   warning  Mixed spaces and tabs                           no-mixed-spaces-and-tabs
   44:1   warning  Mixed spaces and tabs                           no-mixed-spaces-and-tabs
   45:1   warning  Mixed spaces and tabs                           no-mixed-spaces-and-tabs
   46:1   warning  Mixed spaces and tabs                           no-mixed-spaces-and-tabs
   47:1   warning  Mixed spaces and tabs                           no-mixed-spaces-and-tabs
   48:1   warning  Mixed spaces and tabs                           no-mixed-spaces-and-tabs
   49:1   warning  Mixed spaces and tabs                           no-mixed-spaces-and-tabs
   50:1   warning  Mixed spaces and tabs                           no-mixed-spaces-and-tabs
   51:1   warning  Mixed spaces and tabs                           no-mixed-spaces-and-tabs
   52:1   warning  Mixed spaces and tabs                           no-mixed-spaces-and-tabs
   53:1   warning  Mixed spaces and tabs                           no-mixed-spaces-and-tabs
   54:1   warning  Mixed spaces and tabs                           no-mixed-spaces-and-tabs
   55:1   warning  Mixed spaces and tabs                           no-mixed-spaces-and-tabs
   56:1   warning  Mixed spaces and tabs                           no-mixed-spaces-and-tabs
   58:1   warning  Mixed spaces and tabs                           no-mixed-spaces-and-tabs
   59:1   warning  Mixed spaces and tabs                           no-mixed-spaces-and-tabs
   60:1   warning  Mixed spaces and tabs                           no-mixed-spaces-and-tabs
   61:1   warning  Mixed spaces and tabs                           no-mixed-spaces-and-tabs
   62:1   warning  Mixed spaces and tabs                           no-mixed-spaces-and-tabs
   64:1   warning  Mixed spaces and tabs                           no-mixed-spaces-and-tabs
   65:1   warning  Mixed spaces and tabs                           no-mixed-spaces-and-tabs
   67:1   warning  Mixed spaces and tabs                           no-mixed-spaces-and-tabs
   87:3   warning  '$' is not defined                              no-undef
   91:6   warning  '$' is not defined                              no-undef
   92:1   warning  Mixed spaces and tabs                           no-mixed-spaces-and-tabs
   92:5   warning  'locationSelect' is not defined                 no-undef
   92:20  warning  '$' is not defined                              no-undef
   93:2   warning  Mixed spaces and tabs                           no-mixed-spaces-and-tabs
   93:4   warning  'paricalSelect' is not defined                  no-undef
   93:18  warning  '$' is not defined                              no-undef
   94:2   warning  Mixed spaces and tabs                           no-mixed-spaces-and-tabs
   94:4   warning  'sensorSelect' is not defined                   no-undef
   94:17  warning  '$' is not defined                              no-undef
  104:6   warning  'locationSelect' is not defined                 no-undef
  105:3   warning  '$' is not defined                              no-undef
  106:3   warning  '$' is not defined                              no-undef
  107:11  warning  'paricalSelect' is not defined                  no-undef
  108:3   warning  '$' is not defined                              no-undef
  109:3   warning  '$' is not defined                              no-undef
  110:11  warning  'sensorSelect' is not defined                   no-undef
  111:3   warning  '$' is not defined                              no-undef
  112:3   warning  '$' is not defined                              no-undef
  114:3   warning  '$' is not defined                              no-undef
  115:3   warning  '$' is not defined                              no-undef
  116:3   warning  '$' is not defined                              no-undef
  117:3   warning  '$' is not defined                              no-undef
  118:3   warning  '$' is not defined                              no-undef
  119:3   warning  '$' is not defined                              no-undef
  121:2   warning  Mixed spaces and tabs                           no-mixed-spaces-and-tabs
  121:5   warning  'animation' is not defined                      no-undef
  127:2   warning  '$' is not defined                              no-undef
  128:3   warning  '$' is not defined                              no-undef
  129:3   warning  '$' is not defined                              no-undef
  130:3   warning  '$' is not defined                              no-undef
  131:3   warning  '$' is not defined                              no-undef
  132:3   warning  '$' is not defined                              no-undef
  134:3   warning  '$' is not defined                              no-undef
  139:1   warning  Mixed spaces and tabs                           no-mixed-spaces-and-tabs

/home/runner/work/exp-smoke-detectors-coep/exp-smoke-detectors-coep/experiment/simulation/src/mimic.js
   1:10  warning  'mimic' is defined but never used           no-unused-vars
   1:16  warning  'pipeSizeSelect' is defined but never used  no-unused-vars
   1:31  warning  'angleSelect' is defined but never used     no-unused-vars
   1:43  warning  'flowRateSelect' is defined but never used  no-unused-vars
   1:58  warning  'fluidSelect' is defined but never used     no-unused-vars
   1:70  warning  'distSelect' is defined but never used      no-unused-vars
   3:5   warning  '$' is not defined                          no-undef
   4:5   warning  '$' is not defined                          no-undef
   5:5   warning  '$' is not defined                          no-undef
   7:1   warning  '$' is not defined                          no-undef
   8:2   warning  '$' is not defined                          no-undef
  12:14  warning  '$' is not defined                          no-undef
  14:6   warning  '$' is not defined                          no-undef
  15:3   warning  'width' is assigned a value but never used  no-unused-vars
  15:11  warning  '$' is not defined                          no-undef
  16:3   warning  'paper' is not defined                      no-undef
  16:15  warning  'Raphael' is not defined                    no-undef
  17:3   warning  'paper' is not defined                      no-undef
  18:3   warning  'paper' is not defined                      no-undef
  20:3   warning  'paper' is not defined                      no-undef
  20:15  warning  'Raphael' is not defined                    no-undef
  21:3   warning  'paper' is not defined                      no-undef
  22:3   warning  'paper' is not defined                      no-undef
  26:5   warning  'x1' is assigned a value but never used     no-unused-vars
  27:5   warning  'y1' is assigned a value but never used     no-unused-vars
  29:5   warning  's' is assigned a value but never used      no-unused-vars

/home/runner/work/exp-smoke-detectors-coep/exp-smoke-detectors-coep/experiment/simulation/src/postquestionJson (smoke).js
    3:1  warning  'QuestionsJSON' is not defined                   no-undef
  115:5  warning  'ANSWERJSON' is assigned a value but never used  no-unused-vars

/home/runner/work/exp-smoke-detectors-coep/exp-smoke-detectors-coep/experiment/simulation/src/questionJson (2).js
    3:1  warning  'QuestionsJSON' is not defined                   no-undef
  115:5  warning  'ANSWERJSON' is assigned a value but never used  no-unused-vars

/home/runner/work/exp-smoke-detectors-coep/exp-smoke-detectors-coep/experiment/simulation/src/questionJson.js
    3:1  warning  'QuestionsJSON' is not defined                   no-undef
  115:5  warning  'ANSWERJSON' is assigned a value but never used  no-unused-vars

/home/runner/work/exp-smoke-detectors-coep/exp-smoke-detectors-coep/experiment/simulation/src/questions.js
    4:4   warning  'data' is not defined           no-undef
    5:4   warning  'dataQues' is not defined       no-undef
   11:24  warning  'QuestionsJSON' is not defined  no-undef
   13:25  warning  'QuestionsJSON' is not defined  no-undef
   19:9   warning  'QuestionsJSON' is not defined  no-undef
   22:26  warning  'QuestionsJSON' is not defined  no-undef
   27:86  warning  'QuestionsJSON' is not defined  no-undef
   29:10  warning  'QuestionsJSON' is not defined  no-undef
   32:10  warning  'QuestionsJSON' is not defined  no-undef
   73:4   warning  '$' is not defined              no-undef
   75:4   warning  '$' is not defined              no-undef
   76:5   warning  '$' is not defined              no-undef
   80:26  warning  'QuestionsJSON' is not defined  no-undef
   82:17  warning  '$' is not defined              no-undef
   85:19  warning  '$' is not defined              no-undef
   88:17  warning  '$' is not defined              no-undef
   95:8   warning  '$' is not defined              no-undef
   96:8   warning  '$' is not defined              no-undef
  109:16  warning  'i' is already defined          no-redeclare
  114:7   warning  'dataQues' is not defined       no-undef
  115:6   warning  Mixed spaces and tabs           no-mixed-spaces-and-tabs
  115:8   warning  'data' is not defined           no-undef
  115:23  warning  'dataQues' is not defined       no-undef
  117:6   warning  Mixed spaces and tabs           no-mixed-spaces-and-tabs
  118:6   warning  Mixed spaces and tabs           no-mixed-spaces-and-tabs
  118:8   warning  '$' is not defined              no-undef
  119:26  warning  '$' is not defined              no-undef
  120:6   warning  Mixed spaces and tabs           no-mixed-spaces-and-tabs
  121:6   warning  Mixed spaces and tabs           no-mixed-spaces-and-tabs
  121:11  warning  '$' is not defined              no-undef
  123:2   warning  Mixed spaces and tabs           no-mixed-spaces-and-tabs
  126:6   warning  '$' is not defined              no-undef
  127:6   warning  Mixed spaces and tabs           no-mixed-spaces-and-tabs
  128:1   warning  Mixed spaces and tabs           no-mixed-spaces-and-tabs
  130:5   warning  '$' is not defined              no-undef
  131:1   warning  Mixed spaces and tabs           no-mixed-spaces-and-tabs
  131:15  warning  '$' is not defined              no-undef
  132:5   warning  'mainPage1' is not defined      no-undef

✖ 374 problems (1 error, 373 warnings)

